<?xml version="1.0" encoding="UTF-8"?>
<!-- Generated by org.testng.reporters.JUnitReportReporter -->
<testsuite hostname="DESKTOP-PNC7OVF" failures="0" tests="1" name="Testcases.Testcases" time="9.948" errors="0" timestamp="2023-11-02T11:15:59 IST" skipped="0">
  <testcase classname="Testcases.Testcases" name="BLoginPage" time="9.948"/>
  <system-out/>
</testsuite> <!-- Testcases.Testcases -->
